{"total": {"lines":{"total":104,"covered":58,"skipped":0,"pct":55.77},"statements":{"total":105,"covered":59,"skipped":0,"pct":56.19},"functions":{"total":40,"covered":18,"skipped":0,"pct":45},"branches":{"total":23,"covered":8,"skipped":0,"pct":34.78}}
,"/home/nathan/workspace/codingchallenge/src/react-app-env.d.ts": {"lines":{"total":0,"covered":0,"skipped":0,"pct":100},"functions":{"total":0,"covered":0,"skipped":0,"pct":100},"statements":{"total":0,"covered":0,"skipped":0,"pct":100},"branches":{"total":0,"covered":0,"skipped":0,"pct":100}}
,"/home/nathan/workspace/codingchallenge/src/actions/CharacterActionCreators.ts": {"lines":{"total":10,"covered":8,"skipped":0,"pct":80},"functions":{"total":5,"covered":3,"skipped":0,"pct":60},"statements":{"total":10,"covered":8,"skipped":0,"pct":80},"branches":{"total":0,"covered":0,"skipped":0,"pct":100}}
,"/home/nathan/workspace/codingchallenge/src/actions/CharacterActionTypes.enum.ts": {"lines":{"total":0,"covered":0,"skipped":0,"pct":100},"functions":{"total":0,"covered":0,"skipped":0,"pct":100},"statements":{"total":0,"covered":0,"skipped":0,"pct":100},"branches":{"total":0,"covered":0,"skipped":0,"pct":100}}
,"/home/nathan/workspace/codingchallenge/src/actions/CharacterActions.type.ts": {"lines":{"total":0,"covered":0,"skipped":0,"pct":100},"functions":{"total":0,"covered":0,"skipped":0,"pct":100},"statements":{"total":0,"covered":0,"skipped":0,"pct":100},"branches":{"total":0,"covered":0,"skipped":0,"pct":100}}
,"/home/nathan/workspace/codingchallenge/src/actions/IGetCharactersActions.interface.ts": {"lines":{"total":0,"covered":0,"skipped":0,"pct":100},"functions":{"total":0,"covered":0,"skipped":0,"pct":100},"statements":{"total":0,"covered":0,"skipped":0,"pct":100},"branches":{"total":0,"covered":0,"skipped":0,"pct":100}}
,"/home/nathan/workspace/codingchallenge/src/app/App.tsx": {"lines":{"total":2,"covered":2,"skipped":0,"pct":100},"functions":{"total":1,"covered":1,"skipped":0,"pct":100},"statements":{"total":2,"covered":2,"skipped":0,"pct":100},"branches":{"total":0,"covered":0,"skipped":0,"pct":100}}
,"/home/nathan/workspace/codingchallenge/src/components/CharaacterListItem/CharacterListItem.tsx": {"lines":{"total":5,"covered":3,"skipped":0,"pct":60},"functions":{"total":3,"covered":2,"skipped":0,"pct":66.67},"statements":{"total":6,"covered":4,"skipped":0,"pct":66.67},"branches":{"total":0,"covered":0,"skipped":0,"pct":100}}
,"/home/nathan/workspace/codingchallenge/src/components/Character/Character.tsx": {"lines":{"total":2,"covered":2,"skipped":0,"pct":100},"functions":{"total":1,"covered":1,"skipped":0,"pct":100},"statements":{"total":2,"covered":2,"skipped":0,"pct":100},"branches":{"total":0,"covered":0,"skipped":0,"pct":100}}
,"/home/nathan/workspace/codingchallenge/src/components/CharacterContainer/CharacterContainer.tsx": {"lines":{"total":14,"covered":7,"skipped":0,"pct":50},"functions":{"total":7,"covered":1,"skipped":0,"pct":14.29},"statements":{"total":14,"covered":7,"skipped":0,"pct":50},"branches":{"total":2,"covered":2,"skipped":0,"pct":100}}
,"/home/nathan/workspace/codingchallenge/src/components/CharacterDetails/CharacterDetails.tsx": {"lines":{"total":19,"covered":3,"skipped":0,"pct":15.79},"functions":{"total":9,"covered":0,"skipped":0,"pct":0},"statements":{"total":19,"covered":3,"skipped":0,"pct":15.79},"branches":{"total":6,"covered":0,"skipped":0,"pct":0}}
,"/home/nathan/workspace/codingchallenge/src/components/CharacterList/CharacterList.tsx": {"lines":{"total":3,"covered":3,"skipped":0,"pct":100},"functions":{"total":2,"covered":2,"skipped":0,"pct":100},"statements":{"total":3,"covered":3,"skipped":0,"pct":100},"branches":{"total":2,"covered":2,"skipped":0,"pct":100}}
,"/home/nathan/workspace/codingchallenge/src/components/Loader/Loader.tsx": {"lines":{"total":2,"covered":2,"skipped":0,"pct":100},"functions":{"total":1,"covered":1,"skipped":0,"pct":100},"statements":{"total":2,"covered":2,"skipped":0,"pct":100},"branches":{"total":0,"covered":0,"skipped":0,"pct":100}}
,"/home/nathan/workspace/codingchallenge/src/components/NavigationBar/NavigationBar.tsx": {"lines":{"total":2,"covered":2,"skipped":0,"pct":100},"functions":{"total":1,"covered":1,"skipped":0,"pct":100},"statements":{"total":2,"covered":2,"skipped":0,"pct":100},"branches":{"total":0,"covered":0,"skipped":0,"pct":100}}
,"/home/nathan/workspace/codingchallenge/src/components/PowerStatsItem/PowerStatsItem.tsx": {"lines":{"total":11,"covered":1,"skipped":0,"pct":9.09},"functions":{"total":2,"covered":0,"skipped":0,"pct":0},"statements":{"total":11,"covered":1,"skipped":0,"pct":9.09},"branches":{"total":6,"covered":0,"skipped":0,"pct":0}}
,"/home/nathan/workspace/codingchallenge/src/pages/root/Root.tsx": {"lines":{"total":2,"covered":2,"skipped":0,"pct":100},"functions":{"total":1,"covered":1,"skipped":0,"pct":100},"statements":{"total":2,"covered":2,"skipped":0,"pct":100},"branches":{"total":0,"covered":0,"skipped":0,"pct":100}}
,"/home/nathan/workspace/codingchallenge/src/reducers/CharacterReducer.ts": {"lines":{"total":9,"covered":6,"skipped":0,"pct":66.67},"functions":{"total":1,"covered":1,"skipped":0,"pct":100},"statements":{"total":9,"covered":6,"skipped":0,"pct":66.67},"branches":{"total":7,"covered":4,"skipped":0,"pct":57.14}}
,"/home/nathan/workspace/codingchallenge/src/sagas/Character.ts": {"lines":{"total":11,"covered":6,"skipped":0,"pct":54.55},"functions":{"total":3,"covered":2,"skipped":0,"pct":66.67},"statements":{"total":11,"covered":6,"skipped":0,"pct":54.55},"branches":{"total":0,"covered":0,"skipped":0,"pct":100}}
,"/home/nathan/workspace/codingchallenge/src/sources/Api.ts": {"lines":{"total":5,"covered":4,"skipped":0,"pct":80},"functions":{"total":2,"covered":1,"skipped":0,"pct":50},"statements":{"total":5,"covered":4,"skipped":0,"pct":80},"branches":{"total":0,"covered":0,"skipped":0,"pct":100}}
,"/home/nathan/workspace/codingchallenge/src/sources/GetCharacterMock.ts": {"lines":{"total":1,"covered":1,"skipped":0,"pct":100},"functions":{"total":0,"covered":0,"skipped":0,"pct":100},"statements":{"total":1,"covered":1,"skipped":0,"pct":100},"branches":{"total":0,"covered":0,"skipped":0,"pct":100}}
,"/home/nathan/workspace/codingchallenge/src/sources/GetCharactersMock.ts": {"lines":{"total":1,"covered":1,"skipped":0,"pct":100},"functions":{"total":0,"covered":0,"skipped":0,"pct":100},"statements":{"total":1,"covered":1,"skipped":0,"pct":100},"branches":{"total":0,"covered":0,"skipped":0,"pct":100}}
,"/home/nathan/workspace/codingchallenge/src/sources/ICharacter.interface.ts": {"lines":{"total":0,"covered":0,"skipped":0,"pct":100},"functions":{"total":0,"covered":0,"skipped":0,"pct":100},"statements":{"total":0,"covered":0,"skipped":0,"pct":100},"branches":{"total":0,"covered":0,"skipped":0,"pct":100}}
,"/home/nathan/workspace/codingchallenge/src/sources/ICharacterState.interface.ts": {"lines":{"total":0,"covered":0,"skipped":0,"pct":100},"functions":{"total":0,"covered":0,"skipped":0,"pct":100},"statements":{"total":0,"covered":0,"skipped":0,"pct":100},"branches":{"total":0,"covered":0,"skipped":0,"pct":100}}
,"/home/nathan/workspace/codingchallenge/src/store/IAppState.interface.ts": {"lines":{"total":0,"covered":0,"skipped":0,"pct":100},"functions":{"total":0,"covered":0,"skipped":0,"pct":100},"statements":{"total":0,"covered":0,"skipped":0,"pct":100},"branches":{"total":0,"covered":0,"skipped":0,"pct":100}}
,"/home/nathan/workspace/codingchallenge/src/store/Store.tsx": {"lines":{"total":5,"covered":5,"skipped":0,"pct":100},"functions":{"total":1,"covered":1,"skipped":0,"pct":100},"statements":{"total":5,"covered":5,"skipped":0,"pct":100},"branches":{"total":0,"covered":0,"skipped":0,"pct":100}}
}
